0 info it worked if it ends with ok
1 verbose cli [ '/Users/kongdejian/.nvm/versions/node/v6.2.1/bin/node',
1 verbose cli   '/Users/kongdejian/.nvm/versions/node/v6.2.1/bin/npm',
1 verbose cli   'start' ]
2 info using npm@3.10.8
3 info using node@v6.2.1
4 verbose run-script [ 'prestart', 'start', 'poststart' ]
5 info lifecycle demo@1.0.0~prestart: demo@1.0.0
6 silly lifecycle demo@1.0.0~prestart: no script for prestart, continuing
7 info lifecycle demo@1.0.0~start: demo@1.0.0
8 verbose lifecycle demo@1.0.0~start: unsafe-perm in lifecycle true
9 verbose lifecycle demo@1.0.0~start: PATH: /Users/kongdejian/.nvm/versions/node/v6.2.1/lib/node_modules/npm/bin/node-gyp-bin:/Users/kongdejian/workspace/react/demo/node_modules/.bin:/Users/kongdejian/.nvm/versions/node/v6.2.1/bin:/Users/kongdejian/Library/Android/sdk/tools:/Users/kongdejian/Library/Android/sdk/platform-tools:/Users/kongdejian/Library/Android/sdk:/Applications/Cocos/frameworks:/Users/kongdejian/Library/Android/sdk:/Applications/Cocos/tools/ant/bin:/Users/kongdejian/COCOA/android-ndk-r10c/:/Users/kongdejian/Library/Android/sdk/tools:/Users/kongdejian/Library/Android/sdk/platform-tools:/Users/kongdejian/Library/Android/sdk:/Applications/Cocos/frameworks/cocos2d-x-3.9/tools/cocos2d-console/bin:/Library/Frameworks/Python.framework/Versions/2.7/bin:/usr/local/bin:/usr/bin:/bin:/usr/sbin:/sbin:/opt/X11/bin
10 verbose lifecycle demo@1.0.0~start: CWD: /Users/kongdejian/workspace/react/demo
11 silly lifecycle demo@1.0.0~start: Args: [ '-c', 'webpack-dev-server --progress' ]
12 silly lifecycle demo@1.0.0~start: Returned: code: 1  signal: null
13 info lifecycle demo@1.0.0~start: Failed to exec start script
14 verbose stack Error: demo@1.0.0 start: `webpack-dev-server --progress`
14 verbose stack Exit status 1
14 verbose stack     at EventEmitter.<anonymous> (/Users/kongdejian/.nvm/versions/node/v6.2.1/lib/node_modules/npm/lib/utils/lifecycle.js:255:16)
14 verbose stack     at emitTwo (events.js:106:13)
14 verbose stack     at EventEmitter.emit (events.js:191:7)
14 verbose stack     at ChildProcess.<anonymous> (/Users/kongdejian/.nvm/versions/node/v6.2.1/lib/node_modules/npm/lib/utils/spawn.js:40:14)
14 verbose stack     at emitTwo (events.js:106:13)
14 verbose stack     at ChildProcess.emit (events.js:191:7)
14 verbose stack     at maybeClose (internal/child_process.js:852:16)
14 verbose stack     at Process.ChildProcess._handle.onexit (internal/child_process.js:215:5)
15 verbose pkgid demo@1.0.0
16 verbose cwd /Users/kongdejian/workspace/react/demo
17 error Darwin 16.1.0
18 error argv "/Users/kongdejian/.nvm/versions/node/v6.2.1/bin/node" "/Users/kongdejian/.nvm/versions/node/v6.2.1/bin/npm" "start"
19 error node v6.2.1
20 error npm  v3.10.8
21 error code ELIFECYCLE
22 error demo@1.0.0 start: `webpack-dev-server --progress`
22 error Exit status 1
23 error Failed at the demo@1.0.0 start script 'webpack-dev-server --progress'.
23 error Make sure you have the latest version of node.js and npm installed.
23 error If you do, this is most likely a problem with the demo package,
23 error not with npm itself.
23 error Tell the author that this fails on your system:
23 error     webpack-dev-server --progress
23 error You can get information on how to open an issue for this project with:
23 error     npm bugs demo
23 error Or if that isn't available, you can get their info via:
23 error     npm owner ls demo
23 error There is likely additional logging output above.
24 verbose exit [ 1, true ]
